  Assembling test .asm...
test .asm(1): fatal error A1000: cannot open file : Irvine32.inc
C:\Program Files\Microsoft Visual Studio\2022\Community\MSBuild\Microsoft\VC\v170\BuildCustomizations\masm.targets(70,5): error MSB3721: "ml.exe /c /nologo /Zi /Fo"Release\test .obj" /W3 /errorReport:prompt  /Ta"test .asm"" 명령이 종료되었습니다(코드: 1).
